<?xml version="1.0" encoding="UTF-8"?>
<!-- Generated by org.testng.reporters.JUnitReportReporter -->
<testsuite skipped="0" hostname="Adityas-MBP.fios-router.home" name="OrmucoLoginE2ETest.OrmucoLoginE2ETest2" tests="1" failures="0" timestamp="05 Apr 2019 05:46:14 GMT" time="4.410" errors="0">
  <testcase name="Login" time="4.410" classname="OrmucoLoginE2ETest.OrmucoLoginE2ETest2"/>
</testsuite> <!-- OrmucoLoginE2ETest.OrmucoLoginE2ETest2 -->
