<?xml version="1.0" encoding="UTF-8"?>
<!-- Generated by org.testng.reporters.JUnitReportReporter -->
<testsuite skipped="0" hostname="Adityas-MacBook-Pro.local" name="OrmucoLoginE2ETest.OrmucoLoginE2ETest" tests="2" failures="0" timestamp="05 Apr 2019 13:44:00 GMT" time="4.579" errors="0">
  <testcase name="Login" time="2.283" classname="OrmucoLoginE2ETest.OrmucoLoginE2ETest"/>
  <testcase name="Login" time="2.296" classname="OrmucoLoginE2ETest.OrmucoLoginE2ETest"/>
</testsuite> <!-- OrmucoLoginE2ETest.OrmucoLoginE2ETest -->
