<?xml version="1.0" encoding="UTF-8"?>
<!-- Generated by org.testng.reporters.JUnitReportReporter -->
<testsuite skipped="0" hostname="Adityas-MacBook-Pro.local" name="CrossBrowser.CrossBrowser2" tests="2" failures="0" timestamp="05 Apr 2019 13:30:51 GMT" time="5.984" errors="0">
  <testcase name="Login" time="3.005" classname="CrossBrowser.CrossBrowser2"/>
  <testcase name="Login" time="2.979" classname="CrossBrowser.CrossBrowser2"/>
</testsuite> <!-- CrossBrowser.CrossBrowser2 -->
